WARNING:tensorflow:There are non-GPU devices in `tf.distribute.Strategy`, not using nccl allreduce.
W1128 10:10:02.604618 140293474672896 cross_device_ops.py:1387] There are non-GPU devices in `tf.distribute.Strategy`, not using nccl allreduce.
INFO:tensorflow:Using MirroredStrategy with devices ('/job:localhost/replica:0/task:0/device:CPU:0',)
I1128 10:10:02.610625 140293474672896 mirrored_strategy.py:369] Using MirroredStrategy with devices ('/job:localhost/replica:0/task:0/device:CPU:0',)
INFO:tensorflow:Maybe overwriting train_steps: None
I1128 10:10:02.617944 140293474672896 config_util.py:552] Maybe overwriting train_steps: None
INFO:tensorflow:Maybe overwriting use_bfloat16: False
I1128 10:10:02.618085 140293474672896 config_util.py:552] Maybe overwriting use_bfloat16: False
I1128 10:10:02.635237 140293474672896 ssd_efficientnet_bifpn_feature_extractor.py:142] EfficientDet EfficientNet backbone version: efficientnet-b2
I1128 10:10:02.635352 140293474672896 ssd_efficientnet_bifpn_feature_extractor.py:144] EfficientDet BiFPN num filters: 112
I1128 10:10:02.635444 140293474672896 ssd_efficientnet_bifpn_feature_extractor.py:145] EfficientDet BiFPN num iterations: 5
I1128 10:10:02.640600 140293474672896 efficientnet_model.py:147] round_filter input=32 output=32
I1128 10:10:02.683825 140293474672896 efficientnet_model.py:147] round_filter input=32 output=32
I1128 10:10:02.683943 140293474672896 efficientnet_model.py:147] round_filter input=16 output=16
I1128 10:10:02.915829 140293474672896 efficientnet_model.py:147] round_filter input=16 output=16
I1128 10:10:02.915952 140293474672896 efficientnet_model.py:147] round_filter input=24 output=24
I1128 10:10:03.361098 140293474672896 efficientnet_model.py:147] round_filter input=24 output=24
I1128 10:10:03.361222 140293474672896 efficientnet_model.py:147] round_filter input=40 output=48
I1128 10:10:03.807106 140293474672896 efficientnet_model.py:147] round_filter input=40 output=48
I1128 10:10:03.807229 140293474672896 efficientnet_model.py:147] round_filter input=80 output=88
I1128 10:10:04.408262 140293474672896 efficientnet_model.py:147] round_filter input=80 output=88
I1128 10:10:04.408411 140293474672896 efficientnet_model.py:147] round_filter input=112 output=120
I1128 10:10:05.010959 140293474672896 efficientnet_model.py:147] round_filter input=112 output=120
I1128 10:10:05.011126 140293474672896 efficientnet_model.py:147] round_filter input=192 output=208
I1128 10:10:06.190284 140293474672896 efficientnet_model.py:147] round_filter input=192 output=208
I1128 10:10:06.190587 140293474672896 efficientnet_model.py:147] round_filter input=320 output=352
I1128 10:10:06.513721 140293474672896 efficientnet_model.py:147] round_filter input=1280 output=1408
I1128 10:10:06.581344 140293474672896 efficientnet_model.py:458] Building model efficientnet with params ModelConfig(width_coefficient=1.1, depth_coefficient=1.2, resolution=260, dropout_rate=0.3, blocks=(BlockConfig(input_filters=32, output_filters=16, kernel_size=3, num_repeat=1, expand_ratio=1, strides=(1, 1), se_ratio=0.25, id_skip=True, fused_conv=False, conv_type='depthwise'), BlockConfig(input_filters=16, output_filters=24, kernel_size=3, num_repeat=2, expand_ratio=6, strides=(2, 2), se_ratio=0.25, id_skip=True, fused_conv=False, conv_type='depthwise'), BlockConfig(input_filters=24, output_filters=40, kernel_size=5, num_repeat=2, expand_ratio=6, strides=(2, 2), se_ratio=0.25, id_skip=True, fused_conv=False, conv_type='depthwise'), BlockConfig(input_filters=40, output_filters=80, kernel_size=3, num_repeat=3, expand_ratio=6, strides=(2, 2), se_ratio=0.25, id_skip=True, fused_conv=False, conv_type='depthwise'), BlockConfig(input_filters=80, output_filters=112, kernel_size=5, num_repeat=3, expand_ratio=6, strides=(1, 1), se_ratio=0.25, id_skip=True, fused_conv=False, conv_type='depthwise'), BlockConfig(input_filters=112, output_filters=192, kernel_size=5, num_repeat=4, expand_ratio=6, strides=(2, 2), se_ratio=0.25, id_skip=True, fused_conv=False, conv_type='depthwise'), BlockConfig(input_filters=192, output_filters=320, kernel_size=3, num_repeat=1, expand_ratio=6, strides=(1, 1), se_ratio=0.25, id_skip=True, fused_conv=False, conv_type='depthwise')), stem_base_filters=32, top_base_filters=1280, activation='simple_swish', batch_norm='default', bn_momentum=0.99, bn_epsilon=0.001, weight_decay=5e-06, drop_connect_rate=0.2, depth_divisor=8, min_depth=None, use_se=True, input_channels=3, num_classes=1000, model_name='efficientnet', rescale_input=False, data_format='channels_last', dtype='float32')
WARNING:tensorflow:From /home/thor/.local/lib/python3.9/site-packages/object_detection/model_lib_v2.py:557: StrategyBase.experimental_distribute_datasets_from_function (from tensorflow.python.distribute.distribute_lib) is deprecated and will be removed in a future version.
Instructions for updating:
rename to distribute_datasets_from_function
W1128 10:10:06.669555 140293474672896 deprecation.py:339] From /home/thor/.local/lib/python3.9/site-packages/object_detection/model_lib_v2.py:557: StrategyBase.experimental_distribute_datasets_from_function (from tensorflow.python.distribute.distribute_lib) is deprecated and will be removed in a future version.
Instructions for updating:
rename to distribute_datasets_from_function
INFO:tensorflow:Reading unweighted datasets: ['annotations/multi_angle_3/train.record']
I1128 10:10:06.681372 140293474672896 dataset_builder.py:163] Reading unweighted datasets: ['annotations/multi_angle_3/train.record']
INFO:tensorflow:Reading record datasets for input file: ['annotations/multi_angle_3/train.record']
I1128 10:10:06.681578 140293474672896 dataset_builder.py:80] Reading record datasets for input file: ['annotations/multi_angle_3/train.record']
INFO:tensorflow:Number of filenames to read: 1
I1128 10:10:06.681688 140293474672896 dataset_builder.py:81] Number of filenames to read: 1
WARNING:tensorflow:num_readers has been reduced to 1 to match input file shards.
W1128 10:10:06.681790 140293474672896 dataset_builder.py:87] num_readers has been reduced to 1 to match input file shards.
WARNING:tensorflow:From /home/thor/.local/lib/python3.9/site-packages/object_detection/builders/dataset_builder.py:101: parallel_interleave (from tensorflow.python.data.experimental.ops.interleave_ops) is deprecated and will be removed in a future version.
Instructions for updating:
Use `tf.data.Dataset.interleave(map_func, cycle_length, block_length, num_parallel_calls=tf.data.AUTOTUNE)` instead. If sloppy execution is desired, use `tf.data.Options.experimental_deterministic`.
W1128 10:10:06.684646 140293474672896 deprecation.py:339] From /home/thor/.local/lib/python3.9/site-packages/object_detection/builders/dataset_builder.py:101: parallel_interleave (from tensorflow.python.data.experimental.ops.interleave_ops) is deprecated and will be removed in a future version.
Instructions for updating:
Use `tf.data.Dataset.interleave(map_func, cycle_length, block_length, num_parallel_calls=tf.data.AUTOTUNE)` instead. If sloppy execution is desired, use `tf.data.Options.experimental_deterministic`.
WARNING:tensorflow:From /home/thor/.local/lib/python3.9/site-packages/object_detection/builders/dataset_builder.py:236: DatasetV1.map_with_legacy_function (from tensorflow.python.data.ops.dataset_ops) is deprecated and will be removed in a future version.
Instructions for updating:
Use `tf.data.Dataset.map()
W1128 10:10:06.720376 140293474672896 deprecation.py:339] From /home/thor/.local/lib/python3.9/site-packages/object_detection/builders/dataset_builder.py:236: DatasetV1.map_with_legacy_function (from tensorflow.python.data.ops.dataset_ops) is deprecated and will be removed in a future version.
Instructions for updating:
Use `tf.data.Dataset.map()
WARNING:tensorflow:From /home/thor/.local/lib/python3.9/site-packages/tensorflow/python/util/dispatch.py:206: sparse_to_dense (from tensorflow.python.ops.sparse_ops) is deprecated and will be removed in a future version.
Instructions for updating:
Create a `tf.sparse.SparseTensor` and use `tf.sparse.to_dense` instead.
W1128 10:10:18.588868 140293474672896 deprecation.py:339] From /home/thor/.local/lib/python3.9/site-packages/tensorflow/python/util/dispatch.py:206: sparse_to_dense (from tensorflow.python.ops.sparse_ops) is deprecated and will be removed in a future version.
Instructions for updating:
Create a `tf.sparse.SparseTensor` and use `tf.sparse.to_dense` instead.
WARNING:tensorflow:From /home/thor/.local/lib/python3.9/site-packages/tensorflow/python/autograph/impl/api.py:464: to_float (from tensorflow.python.ops.math_ops) is deprecated and will be removed in a future version.
Instructions for updating:
Use `tf.cast` instead.
W1128 10:10:25.252504 140293474672896 deprecation.py:339] From /home/thor/.local/lib/python3.9/site-packages/tensorflow/python/autograph/impl/api.py:464: to_float (from tensorflow.python.ops.math_ops) is deprecated and will be removed in a future version.
Instructions for updating:
Use `tf.cast` instead.
2021-11-28 10:10:29.038520: I tensorflow/compiler/mlir/mlir_graph_optimization_pass.cc:185] None of the MLIR Optimization Passes are enabled (registered 2)
2021-11-28 10:10:29.447223: W tensorflow/core/framework/dataset.cc:679] Input of GeneratorDatasetOp::Dataset will not be optimized because the dataset does not implement the AsGraphDefInternal() method needed to apply optimizations.
/home/thor/.local/lib/python3.9/site-packages/keras/backend.py:401: UserWarning: `tf.keras.backend.set_learning_phase` is deprecated and will be removed after 2020-10-11. To update it, simply pass a True/False value to the `training` argument of the `__call__` method of your layer or model.
  warnings.warn('`tf.keras.backend.set_learning_phase` is deprecated and '
2021-11-28 10:11:25.477741: W tensorflow/core/framework/dataset.cc:679] Input of GeneratorDatasetOp::Dataset will not be optimized because the dataset does not implement the AsGraphDefInternal() method needed to apply optimizations.
WARNING:tensorflow:From /home/thor/.local/lib/python3.9/site-packages/tensorflow/python/util/deprecation.py:617: calling map_fn_v2 (from tensorflow.python.ops.map_fn) with dtype is deprecated and will be removed in a future version.
Instructions for updating:
Use fn_output_signature instead
W1128 10:11:27.111208 140256871421696 deprecation.py:542] From /home/thor/.local/lib/python3.9/site-packages/tensorflow/python/util/deprecation.py:617: calling map_fn_v2 (from tensorflow.python.ops.map_fn) with dtype is deprecated and will be removed in a future version.
Instructions for updating:
Use fn_output_signature instead
WARNING:tensorflow:Gradients do not exist for variables ['stack_6/block_1/expand_bn/gamma:0', 'stack_6/block_1/expand_bn/beta:0', 'stack_6/block_1/depthwise_conv2d/depthwise_kernel:0', 'stack_6/block_1/depthwise_bn/gamma:0', 'stack_6/block_1/depthwise_bn/beta:0', 'stack_6/block_1/project_bn/gamma:0', 'stack_6/block_1/project_bn/beta:0', 'top_bn/gamma:0', 'top_bn/beta:0'] when minimizing the loss.
W1128 10:11:41.179428 140256871421696 utils.py:75] Gradients do not exist for variables ['stack_6/block_1/expand_bn/gamma:0', 'stack_6/block_1/expand_bn/beta:0', 'stack_6/block_1/depthwise_conv2d/depthwise_kernel:0', 'stack_6/block_1/depthwise_bn/gamma:0', 'stack_6/block_1/depthwise_bn/beta:0', 'stack_6/block_1/project_bn/gamma:0', 'stack_6/block_1/project_bn/beta:0', 'top_bn/gamma:0', 'top_bn/beta:0'] when minimizing the loss.
WARNING:tensorflow:Gradients do not exist for variables ['stack_6/block_1/expand_bn/gamma:0', 'stack_6/block_1/expand_bn/beta:0', 'stack_6/block_1/depthwise_conv2d/depthwise_kernel:0', 'stack_6/block_1/depthwise_bn/gamma:0', 'stack_6/block_1/depthwise_bn/beta:0', 'stack_6/block_1/project_bn/gamma:0', 'stack_6/block_1/project_bn/beta:0', 'top_bn/gamma:0', 'top_bn/beta:0'] when minimizing the loss.
W1128 10:12:00.508222 140256871421696 utils.py:75] Gradients do not exist for variables ['stack_6/block_1/expand_bn/gamma:0', 'stack_6/block_1/expand_bn/beta:0', 'stack_6/block_1/depthwise_conv2d/depthwise_kernel:0', 'stack_6/block_1/depthwise_bn/gamma:0', 'stack_6/block_1/depthwise_bn/beta:0', 'stack_6/block_1/project_bn/gamma:0', 'stack_6/block_1/project_bn/beta:0', 'top_bn/gamma:0', 'top_bn/beta:0'] when minimizing the loss.
WARNING:tensorflow:Gradients do not exist for variables ['stack_6/block_1/expand_bn/gamma:0', 'stack_6/block_1/expand_bn/beta:0', 'stack_6/block_1/depthwise_conv2d/depthwise_kernel:0', 'stack_6/block_1/depthwise_bn/gamma:0', 'stack_6/block_1/depthwise_bn/beta:0', 'stack_6/block_1/project_bn/gamma:0', 'stack_6/block_1/project_bn/beta:0', 'top_bn/gamma:0', 'top_bn/beta:0'] when minimizing the loss.
W1128 10:12:17.623129 140256871421696 utils.py:75] Gradients do not exist for variables ['stack_6/block_1/expand_bn/gamma:0', 'stack_6/block_1/expand_bn/beta:0', 'stack_6/block_1/depthwise_conv2d/depthwise_kernel:0', 'stack_6/block_1/depthwise_bn/gamma:0', 'stack_6/block_1/depthwise_bn/beta:0', 'stack_6/block_1/project_bn/gamma:0', 'stack_6/block_1/project_bn/beta:0', 'top_bn/gamma:0', 'top_bn/beta:0'] when minimizing the loss.
WARNING:tensorflow:Gradients do not exist for variables ['stack_6/block_1/expand_bn/gamma:0', 'stack_6/block_1/expand_bn/beta:0', 'stack_6/block_1/depthwise_conv2d/depthwise_kernel:0', 'stack_6/block_1/depthwise_bn/gamma:0', 'stack_6/block_1/depthwise_bn/beta:0', 'stack_6/block_1/project_bn/gamma:0', 'stack_6/block_1/project_bn/beta:0', 'top_bn/gamma:0', 'top_bn/beta:0'] when minimizing the loss.
W1128 10:12:36.782084 140256871421696 utils.py:75] Gradients do not exist for variables ['stack_6/block_1/expand_bn/gamma:0', 'stack_6/block_1/expand_bn/beta:0', 'stack_6/block_1/depthwise_conv2d/depthwise_kernel:0', 'stack_6/block_1/depthwise_bn/gamma:0', 'stack_6/block_1/depthwise_bn/beta:0', 'stack_6/block_1/project_bn/gamma:0', 'stack_6/block_1/project_bn/beta:0', 'top_bn/gamma:0', 'top_bn/beta:0'] when minimizing the loss.
INFO:tensorflow:Step 100 per-step time 4.173s
I1128 10:18:23.810182 140293474672896 model_lib_v2.py:698] Step 100 per-step time 4.173s
INFO:tensorflow:{'Loss/classification_loss': 1.2063636,
 'Loss/localization_loss': 0.053831276,
 'Loss/regularization_loss': 0.03503283,
 'Loss/total_loss': 1.2952276,
 'learning_rate': 0.009777778}
I1128 10:18:23.811057 140293474672896 model_lib_v2.py:701] {'Loss/classification_loss': 1.2063636,
 'Loss/localization_loss': 0.053831276,
 'Loss/regularization_loss': 0.03503283,
 'Loss/total_loss': 1.2952276,
 'learning_rate': 0.009777778}
INFO:tensorflow:Step 200 per-step time 2.965s
I1128 10:23:20.271499 140293474672896 model_lib_v2.py:698] Step 200 per-step time 2.965s
INFO:tensorflow:{'Loss/classification_loss': 1.1910944,
 'Loss/localization_loss': 0.028452916,
 'Loss/regularization_loss': 0.040322628,
 'Loss/total_loss': 1.2598699,
 'learning_rate': 0.018555555}
I1128 10:23:20.271952 140293474672896 model_lib_v2.py:701] {'Loss/classification_loss': 1.1910944,
 'Loss/localization_loss': 0.028452916,
 'Loss/regularization_loss': 0.040322628,
 'Loss/total_loss': 1.2598699,
 'learning_rate': 0.018555555}
INFO:tensorflow:Step 300 per-step time 2.917s
I1128 10:28:11.930929 140293474672896 model_lib_v2.py:698] Step 300 per-step time 2.917s
INFO:tensorflow:{'Loss/classification_loss': 1.3030304,
 'Loss/localization_loss': 0.045181587,
 'Loss/regularization_loss': 0.040896144,
 'Loss/total_loss': 1.3891082,
 'learning_rate': 0.027333334}
I1128 10:28:11.931683 140293474672896 model_lib_v2.py:701] {'Loss/classification_loss': 1.3030304,
 'Loss/localization_loss': 0.045181587,
 'Loss/regularization_loss': 0.040896144,
 'Loss/total_loss': 1.3891082,
 'learning_rate': 0.027333334}
INFO:tensorflow:Step 400 per-step time 2.889s
I1128 10:33:00.810579 140293474672896 model_lib_v2.py:698] Step 400 per-step time 2.889s
INFO:tensorflow:{'Loss/classification_loss': 1.0926054,
 'Loss/localization_loss': 0.02058307,
 'Loss/regularization_loss': 0.04117343,
 'Loss/total_loss': 1.1543618,
 'learning_rate': 0.03611111}
I1128 10:33:00.811005 140293474672896 model_lib_v2.py:701] {'Loss/classification_loss': 1.0926054,
 'Loss/localization_loss': 0.02058307,
 'Loss/regularization_loss': 0.04117343,
 'Loss/total_loss': 1.1543618,
 'learning_rate': 0.03611111}
INFO:tensorflow:Step 500 per-step time 2.871s
I1128 10:37:47.890322 140293474672896 model_lib_v2.py:698] Step 500 per-step time 2.871s
INFO:tensorflow:{'Loss/classification_loss': 1.0091579,
 'Loss/localization_loss': 0.018675681,
 'Loss/regularization_loss': 0.041301753,
 'Loss/total_loss': 1.0691353,
 'learning_rate': 0.044888888}
I1128 10:37:47.891064 140293474672896 model_lib_v2.py:701] {'Loss/classification_loss': 1.0091579,
 'Loss/localization_loss': 0.018675681,
 'Loss/regularization_loss': 0.041301753,
 'Loss/total_loss': 1.0691353,
 'learning_rate': 0.044888888}
INFO:tensorflow:Step 600 per-step time 2.868s
I1128 10:42:34.645937 140293474672896 model_lib_v2.py:698] Step 600 per-step time 2.868s
INFO:tensorflow:{'Loss/classification_loss': 0.9962398,
 'Loss/localization_loss': 0.020286048,
 'Loss/regularization_loss': 0.042021297,
 'Loss/total_loss': 1.0585471,
 'learning_rate': 0.053666666}
I1128 10:42:34.646380 140293474672896 model_lib_v2.py:701] {'Loss/classification_loss': 0.9962398,
 'Loss/localization_loss': 0.020286048,
 'Loss/regularization_loss': 0.042021297,
 'Loss/total_loss': 1.0585471,
 'learning_rate': 0.053666666}
INFO:tensorflow:Step 700 per-step time 2.849s
I1128 10:47:19.558350 140293474672896 model_lib_v2.py:698] Step 700 per-step time 2.849s
INFO:tensorflow:{'Loss/classification_loss': 1.0917923,
 'Loss/localization_loss': 0.024190903,
 'Loss/regularization_loss': 0.04378499,
 'Loss/total_loss': 1.1597682,
 'learning_rate': 0.062444445}
I1128 10:47:19.558789 140293474672896 model_lib_v2.py:701] {'Loss/classification_loss': 1.0917923,
 'Loss/localization_loss': 0.024190903,
 'Loss/regularization_loss': 0.04378499,
 'Loss/total_loss': 1.1597682,
 'learning_rate': 0.062444445}
INFO:tensorflow:Step 800 per-step time 2.839s
I1128 10:52:03.439384 140293474672896 model_lib_v2.py:698] Step 800 per-step time 2.839s
INFO:tensorflow:{'Loss/classification_loss': 1.1980127,
 'Loss/localization_loss': 0.020217814,
 'Loss/regularization_loss': 0.05085554,
 'Loss/total_loss': 1.269086,
 'learning_rate': 0.07122222}
I1128 10:52:03.439818 140293474672896 model_lib_v2.py:701] {'Loss/classification_loss': 1.1980127,
 'Loss/localization_loss': 0.020217814,
 'Loss/regularization_loss': 0.05085554,
 'Loss/total_loss': 1.269086,
 'learning_rate': 0.07122222}
INFO:tensorflow:Step 900 per-step time 3.742s
I1128 10:58:17.651403 140293474672896 model_lib_v2.py:698] Step 900 per-step time 3.742s
INFO:tensorflow:{'Loss/classification_loss': nan,
 'Loss/localization_loss': nan,
 'Loss/regularization_loss': nan,
 'Loss/total_loss': nan,
 'learning_rate': 0.08}
I1128 10:58:17.652270 140293474672896 model_lib_v2.py:701] {'Loss/classification_loss': nan,
 'Loss/localization_loss': nan,
 'Loss/regularization_loss': nan,
 'Loss/total_loss': nan,
 'learning_rate': 0.08}
INFO:tensorflow:Step 1000 per-step time 3.794s
I1128 11:04:37.059944 140293474672896 model_lib_v2.py:698] Step 1000 per-step time 3.794s
INFO:tensorflow:{'Loss/classification_loss': nan,
 'Loss/localization_loss': nan,
 'Loss/regularization_loss': nan,
 'Loss/total_loss': nan,
 'learning_rate': 0.07996992}
I1128 11:04:37.060633 140293474672896 model_lib_v2.py:701] {'Loss/classification_loss': nan,
 'Loss/localization_loss': nan,
 'Loss/regularization_loss': nan,
 'Loss/total_loss': nan,
 'learning_rate': 0.07996992}
