WARNING:tensorflow:There are non-GPU devices in `tf.distribute.Strategy`, not using nccl allreduce.
W1128 17:36:35.065684 140000782229760 cross_device_ops.py:1387] There are non-GPU devices in `tf.distribute.Strategy`, not using nccl allreduce.
INFO:tensorflow:Using MirroredStrategy with devices ('/job:localhost/replica:0/task:0/device:CPU:0',)
I1128 17:36:35.095513 140000782229760 mirrored_strategy.py:369] Using MirroredStrategy with devices ('/job:localhost/replica:0/task:0/device:CPU:0',)
INFO:tensorflow:Maybe overwriting train_steps: None
I1128 17:36:35.101967 140000782229760 config_util.py:552] Maybe overwriting train_steps: None
INFO:tensorflow:Maybe overwriting use_bfloat16: False
I1128 17:36:35.102114 140000782229760 config_util.py:552] Maybe overwriting use_bfloat16: False
I1128 17:36:35.140914 140000782229760 ssd_efficientnet_bifpn_feature_extractor.py:142] EfficientDet EfficientNet backbone version: efficientnet-b1
I1128 17:36:35.141042 140000782229760 ssd_efficientnet_bifpn_feature_extractor.py:144] EfficientDet BiFPN num filters: 88
I1128 17:36:35.141144 140000782229760 ssd_efficientnet_bifpn_feature_extractor.py:145] EfficientDet BiFPN num iterations: 4
I1128 17:36:35.146108 140000782229760 efficientnet_model.py:147] round_filter input=32 output=32
I1128 17:36:35.254584 140000782229760 efficientnet_model.py:147] round_filter input=32 output=32
I1128 17:36:35.254708 140000782229760 efficientnet_model.py:147] round_filter input=16 output=16
I1128 17:36:35.491435 140000782229760 efficientnet_model.py:147] round_filter input=16 output=16
I1128 17:36:35.491582 140000782229760 efficientnet_model.py:147] round_filter input=24 output=24
I1128 17:36:35.938654 140000782229760 efficientnet_model.py:147] round_filter input=24 output=24
I1128 17:36:35.938782 140000782229760 efficientnet_model.py:147] round_filter input=40 output=40
I1128 17:36:36.389374 140000782229760 efficientnet_model.py:147] round_filter input=40 output=40
I1128 17:36:36.389514 140000782229760 efficientnet_model.py:147] round_filter input=80 output=80
I1128 17:36:36.992518 140000782229760 efficientnet_model.py:147] round_filter input=80 output=80
I1128 17:36:36.992654 140000782229760 efficientnet_model.py:147] round_filter input=112 output=112
I1128 17:36:37.597358 140000782229760 efficientnet_model.py:147] round_filter input=112 output=112
I1128 17:36:37.597508 140000782229760 efficientnet_model.py:147] round_filter input=192 output=192
I1128 17:36:38.565259 140000782229760 efficientnet_model.py:147] round_filter input=192 output=192
I1128 17:36:38.565520 140000782229760 efficientnet_model.py:147] round_filter input=320 output=320
I1128 17:36:38.881006 140000782229760 efficientnet_model.py:147] round_filter input=1280 output=1280
I1128 17:36:38.946925 140000782229760 efficientnet_model.py:458] Building model efficientnet with params ModelConfig(width_coefficient=1.0, depth_coefficient=1.1, resolution=240, dropout_rate=0.2, blocks=(BlockConfig(input_filters=32, output_filters=16, kernel_size=3, num_repeat=1, expand_ratio=1, strides=(1, 1), se_ratio=0.25, id_skip=True, fused_conv=False, conv_type='depthwise'), BlockConfig(input_filters=16, output_filters=24, kernel_size=3, num_repeat=2, expand_ratio=6, strides=(2, 2), se_ratio=0.25, id_skip=True, fused_conv=False, conv_type='depthwise'), BlockConfig(input_filters=24, output_filters=40, kernel_size=5, num_repeat=2, expand_ratio=6, strides=(2, 2), se_ratio=0.25, id_skip=True, fused_conv=False, conv_type='depthwise'), BlockConfig(input_filters=40, output_filters=80, kernel_size=3, num_repeat=3, expand_ratio=6, strides=(2, 2), se_ratio=0.25, id_skip=True, fused_conv=False, conv_type='depthwise'), BlockConfig(input_filters=80, output_filters=112, kernel_size=5, num_repeat=3, expand_ratio=6, strides=(1, 1), se_ratio=0.25, id_skip=True, fused_conv=False, conv_type='depthwise'), BlockConfig(input_filters=112, output_filters=192, kernel_size=5, num_repeat=4, expand_ratio=6, strides=(2, 2), se_ratio=0.25, id_skip=True, fused_conv=False, conv_type='depthwise'), BlockConfig(input_filters=192, output_filters=320, kernel_size=3, num_repeat=1, expand_ratio=6, strides=(1, 1), se_ratio=0.25, id_skip=True, fused_conv=False, conv_type='depthwise')), stem_base_filters=32, top_base_filters=1280, activation='simple_swish', batch_norm='default', bn_momentum=0.99, bn_epsilon=0.001, weight_decay=5e-06, drop_connect_rate=0.2, depth_divisor=8, min_depth=None, use_se=True, input_channels=3, num_classes=1000, model_name='efficientnet', rescale_input=False, data_format='channels_last', dtype='float32')
WARNING:tensorflow:From /home/thor/.local/lib/python3.9/site-packages/object_detection/model_lib_v2.py:557: StrategyBase.experimental_distribute_datasets_from_function (from tensorflow.python.distribute.distribute_lib) is deprecated and will be removed in a future version.
Instructions for updating:
rename to distribute_datasets_from_function
W1128 17:36:39.028518 140000782229760 deprecation.py:339] From /home/thor/.local/lib/python3.9/site-packages/object_detection/model_lib_v2.py:557: StrategyBase.experimental_distribute_datasets_from_function (from tensorflow.python.distribute.distribute_lib) is deprecated and will be removed in a future version.
Instructions for updating:
rename to distribute_datasets_from_function
INFO:tensorflow:Reading unweighted datasets: ['annotations/multi_angle_3/train.record']
I1128 17:36:39.038304 140000782229760 dataset_builder.py:163] Reading unweighted datasets: ['annotations/multi_angle_3/train.record']
INFO:tensorflow:Reading record datasets for input file: ['annotations/multi_angle_3/train.record']
I1128 17:36:39.038486 140000782229760 dataset_builder.py:80] Reading record datasets for input file: ['annotations/multi_angle_3/train.record']
INFO:tensorflow:Number of filenames to read: 1
I1128 17:36:39.038603 140000782229760 dataset_builder.py:81] Number of filenames to read: 1
WARNING:tensorflow:num_readers has been reduced to 1 to match input file shards.
W1128 17:36:39.038712 140000782229760 dataset_builder.py:87] num_readers has been reduced to 1 to match input file shards.
WARNING:tensorflow:From /home/thor/.local/lib/python3.9/site-packages/object_detection/builders/dataset_builder.py:101: parallel_interleave (from tensorflow.python.data.experimental.ops.interleave_ops) is deprecated and will be removed in a future version.
Instructions for updating:
Use `tf.data.Dataset.interleave(map_func, cycle_length, block_length, num_parallel_calls=tf.data.AUTOTUNE)` instead. If sloppy execution is desired, use `tf.data.Options.experimental_deterministic`.
W1128 17:36:39.041065 140000782229760 deprecation.py:339] From /home/thor/.local/lib/python3.9/site-packages/object_detection/builders/dataset_builder.py:101: parallel_interleave (from tensorflow.python.data.experimental.ops.interleave_ops) is deprecated and will be removed in a future version.
Instructions for updating:
Use `tf.data.Dataset.interleave(map_func, cycle_length, block_length, num_parallel_calls=tf.data.AUTOTUNE)` instead. If sloppy execution is desired, use `tf.data.Options.experimental_deterministic`.
WARNING:tensorflow:From /home/thor/.local/lib/python3.9/site-packages/object_detection/builders/dataset_builder.py:236: DatasetV1.map_with_legacy_function (from tensorflow.python.data.ops.dataset_ops) is deprecated and will be removed in a future version.
Instructions for updating:
Use `tf.data.Dataset.map()
W1128 17:36:39.069649 140000782229760 deprecation.py:339] From /home/thor/.local/lib/python3.9/site-packages/object_detection/builders/dataset_builder.py:236: DatasetV1.map_with_legacy_function (from tensorflow.python.data.ops.dataset_ops) is deprecated and will be removed in a future version.
Instructions for updating:
Use `tf.data.Dataset.map()
WARNING:tensorflow:From /home/thor/.local/lib/python3.9/site-packages/tensorflow/python/util/dispatch.py:206: sparse_to_dense (from tensorflow.python.ops.sparse_ops) is deprecated and will be removed in a future version.
Instructions for updating:
Create a `tf.sparse.SparseTensor` and use `tf.sparse.to_dense` instead.
W1128 17:36:52.461549 140000782229760 deprecation.py:339] From /home/thor/.local/lib/python3.9/site-packages/tensorflow/python/util/dispatch.py:206: sparse_to_dense (from tensorflow.python.ops.sparse_ops) is deprecated and will be removed in a future version.
Instructions for updating:
Create a `tf.sparse.SparseTensor` and use `tf.sparse.to_dense` instead.
WARNING:tensorflow:From /home/thor/.local/lib/python3.9/site-packages/tensorflow/python/autograph/impl/api.py:464: to_float (from tensorflow.python.ops.math_ops) is deprecated and will be removed in a future version.
Instructions for updating:
Use `tf.cast` instead.
W1128 17:37:03.447756 140000782229760 deprecation.py:339] From /home/thor/.local/lib/python3.9/site-packages/tensorflow/python/autograph/impl/api.py:464: to_float (from tensorflow.python.ops.math_ops) is deprecated and will be removed in a future version.
Instructions for updating:
Use `tf.cast` instead.
2021-11-28 17:37:08.028124: I tensorflow/compiler/mlir/mlir_graph_optimization_pass.cc:185] None of the MLIR Optimization Passes are enabled (registered 2)
2021-11-28 17:37:08.944817: W tensorflow/core/framework/dataset.cc:679] Input of GeneratorDatasetOp::Dataset will not be optimized because the dataset does not implement the AsGraphDefInternal() method needed to apply optimizations.
/home/thor/.local/lib/python3.9/site-packages/keras/backend.py:401: UserWarning: `tf.keras.backend.set_learning_phase` is deprecated and will be removed after 2020-10-11. To update it, simply pass a True/False value to the `training` argument of the `__call__` method of your layer or model.
  warnings.warn('`tf.keras.backend.set_learning_phase` is deprecated and '
2021-11-28 17:37:53.156572: W tensorflow/core/framework/dataset.cc:679] Input of GeneratorDatasetOp::Dataset will not be optimized because the dataset does not implement the AsGraphDefInternal() method needed to apply optimizations.
WARNING:tensorflow:From /home/thor/.local/lib/python3.9/site-packages/tensorflow/python/util/deprecation.py:617: calling map_fn_v2 (from tensorflow.python.ops.map_fn) with dtype is deprecated and will be removed in a future version.
Instructions for updating:
Use fn_output_signature instead
W1128 17:37:54.536870 139963135923968 deprecation.py:542] From /home/thor/.local/lib/python3.9/site-packages/tensorflow/python/util/deprecation.py:617: calling map_fn_v2 (from tensorflow.python.ops.map_fn) with dtype is deprecated and will be removed in a future version.
Instructions for updating:
Use fn_output_signature instead
WARNING:tensorflow:Gradients do not exist for variables ['stack_6/block_1/expand_bn/gamma:0', 'stack_6/block_1/expand_bn/beta:0', 'stack_6/block_1/depthwise_conv2d/depthwise_kernel:0', 'stack_6/block_1/depthwise_bn/gamma:0', 'stack_6/block_1/depthwise_bn/beta:0', 'stack_6/block_1/project_bn/gamma:0', 'stack_6/block_1/project_bn/beta:0', 'top_bn/gamma:0', 'top_bn/beta:0'] when minimizing the loss.
W1128 17:38:07.391316 139963135923968 utils.py:75] Gradients do not exist for variables ['stack_6/block_1/expand_bn/gamma:0', 'stack_6/block_1/expand_bn/beta:0', 'stack_6/block_1/depthwise_conv2d/depthwise_kernel:0', 'stack_6/block_1/depthwise_bn/gamma:0', 'stack_6/block_1/depthwise_bn/beta:0', 'stack_6/block_1/project_bn/gamma:0', 'stack_6/block_1/project_bn/beta:0', 'top_bn/gamma:0', 'top_bn/beta:0'] when minimizing the loss.
WARNING:tensorflow:Gradients do not exist for variables ['stack_6/block_1/expand_bn/gamma:0', 'stack_6/block_1/expand_bn/beta:0', 'stack_6/block_1/depthwise_conv2d/depthwise_kernel:0', 'stack_6/block_1/depthwise_bn/gamma:0', 'stack_6/block_1/depthwise_bn/beta:0', 'stack_6/block_1/project_bn/gamma:0', 'stack_6/block_1/project_bn/beta:0', 'top_bn/gamma:0', 'top_bn/beta:0'] when minimizing the loss.
W1128 17:38:25.586827 139963135923968 utils.py:75] Gradients do not exist for variables ['stack_6/block_1/expand_bn/gamma:0', 'stack_6/block_1/expand_bn/beta:0', 'stack_6/block_1/depthwise_conv2d/depthwise_kernel:0', 'stack_6/block_1/depthwise_bn/gamma:0', 'stack_6/block_1/depthwise_bn/beta:0', 'stack_6/block_1/project_bn/gamma:0', 'stack_6/block_1/project_bn/beta:0', 'top_bn/gamma:0', 'top_bn/beta:0'] when minimizing the loss.
WARNING:tensorflow:Gradients do not exist for variables ['stack_6/block_1/expand_bn/gamma:0', 'stack_6/block_1/expand_bn/beta:0', 'stack_6/block_1/depthwise_conv2d/depthwise_kernel:0', 'stack_6/block_1/depthwise_bn/gamma:0', 'stack_6/block_1/depthwise_bn/beta:0', 'stack_6/block_1/project_bn/gamma:0', 'stack_6/block_1/project_bn/beta:0', 'top_bn/gamma:0', 'top_bn/beta:0'] when minimizing the loss.
W1128 17:38:41.423243 139963135923968 utils.py:75] Gradients do not exist for variables ['stack_6/block_1/expand_bn/gamma:0', 'stack_6/block_1/expand_bn/beta:0', 'stack_6/block_1/depthwise_conv2d/depthwise_kernel:0', 'stack_6/block_1/depthwise_bn/gamma:0', 'stack_6/block_1/depthwise_bn/beta:0', 'stack_6/block_1/project_bn/gamma:0', 'stack_6/block_1/project_bn/beta:0', 'top_bn/gamma:0', 'top_bn/beta:0'] when minimizing the loss.
WARNING:tensorflow:Gradients do not exist for variables ['stack_6/block_1/expand_bn/gamma:0', 'stack_6/block_1/expand_bn/beta:0', 'stack_6/block_1/depthwise_conv2d/depthwise_kernel:0', 'stack_6/block_1/depthwise_bn/gamma:0', 'stack_6/block_1/depthwise_bn/beta:0', 'stack_6/block_1/project_bn/gamma:0', 'stack_6/block_1/project_bn/beta:0', 'top_bn/gamma:0', 'top_bn/beta:0'] when minimizing the loss.
W1128 17:38:59.403545 139963135923968 utils.py:75] Gradients do not exist for variables ['stack_6/block_1/expand_bn/gamma:0', 'stack_6/block_1/expand_bn/beta:0', 'stack_6/block_1/depthwise_conv2d/depthwise_kernel:0', 'stack_6/block_1/depthwise_bn/gamma:0', 'stack_6/block_1/depthwise_bn/beta:0', 'stack_6/block_1/project_bn/gamma:0', 'stack_6/block_1/project_bn/beta:0', 'top_bn/gamma:0', 'top_bn/beta:0'] when minimizing the loss.
INFO:tensorflow:Step 100 per-step time 3.135s
I1128 17:43:07.409463 140000782229760 model_lib_v2.py:698] Step 100 per-step time 3.135s
INFO:tensorflow:{'Loss/classification_loss': 1.1670078,
 'Loss/localization_loss': 0.028857745,
 'Loss/regularization_loss': 0.03048471,
 'Loss/total_loss': 1.2263502,
 'learning_rate': 0.0089}
I1128 17:43:07.410203 140000782229760 model_lib_v2.py:701] {'Loss/classification_loss': 1.1670078,
 'Loss/localization_loss': 0.028857745,
 'Loss/regularization_loss': 0.03048471,
 'Loss/total_loss': 1.2263502,
 'learning_rate': 0.0089}
INFO:tensorflow:Step 200 per-step time 2.051s
I1128 17:46:32.505713 140000782229760 model_lib_v2.py:698] Step 200 per-step time 2.051s
INFO:tensorflow:{'Loss/classification_loss': 1.0265642,
 'Loss/localization_loss': 0.02733627,
 'Loss/regularization_loss': 0.030747278,
 'Loss/total_loss': 1.0846478,
 'learning_rate': 0.0168}
I1128 17:46:32.506417 140000782229760 model_lib_v2.py:701] {'Loss/classification_loss': 1.0265642,
 'Loss/localization_loss': 0.02733627,
 'Loss/regularization_loss': 0.030747278,
 'Loss/total_loss': 1.0846478,
 'learning_rate': 0.0168}
INFO:tensorflow:Step 300 per-step time 2.014s
I1128 17:49:53.907146 140000782229760 model_lib_v2.py:698] Step 300 per-step time 2.014s
INFO:tensorflow:{'Loss/classification_loss': 1.6036152,
 'Loss/localization_loss': 0.2997656,
 'Loss/regularization_loss': 0.031192131,
 'Loss/total_loss': 1.9345729,
 'learning_rate': 0.024699999}
I1128 17:49:53.907604 140000782229760 model_lib_v2.py:701] {'Loss/classification_loss': 1.6036152,
 'Loss/localization_loss': 0.2997656,
 'Loss/regularization_loss': 0.031192131,
 'Loss/total_loss': 1.9345729,
 'learning_rate': 0.024699999}
INFO:tensorflow:Step 400 per-step time 2.178s
I1128 17:53:31.721800 140000782229760 model_lib_v2.py:698] Step 400 per-step time 2.178s
INFO:tensorflow:{'Loss/classification_loss': nan,
 'Loss/localization_loss': nan,
 'Loss/regularization_loss': nan,
 'Loss/total_loss': nan,
 'learning_rate': 0.032599997}
I1128 17:53:31.722509 140000782229760 model_lib_v2.py:701] {'Loss/classification_loss': nan,
 'Loss/localization_loss': nan,
 'Loss/regularization_loss': nan,
 'Loss/total_loss': nan,
 'learning_rate': 0.032599997}
INFO:tensorflow:Step 500 per-step time 2.387s
I1128 17:57:30.430584 140000782229760 model_lib_v2.py:698] Step 500 per-step time 2.387s
INFO:tensorflow:{'Loss/classification_loss': nan,
 'Loss/localization_loss': nan,
 'Loss/regularization_loss': nan,
 'Loss/total_loss': nan,
 'learning_rate': 0.040499996}
I1128 17:57:30.431030 140000782229760 model_lib_v2.py:701] {'Loss/classification_loss': nan,
 'Loss/localization_loss': nan,
 'Loss/regularization_loss': nan,
 'Loss/total_loss': nan,
 'learning_rate': 0.040499996}
INFO:tensorflow:Step 600 per-step time 2.384s
I1128 18:01:28.797606 140000782229760 model_lib_v2.py:698] Step 600 per-step time 2.384s
INFO:tensorflow:{'Loss/classification_loss': nan,
 'Loss/localization_loss': nan,
 'Loss/regularization_loss': nan,
 'Loss/total_loss': nan,
 'learning_rate': 0.048399996}
I1128 18:01:28.798064 140000782229760 model_lib_v2.py:701] {'Loss/classification_loss': nan,
 'Loss/localization_loss': nan,
 'Loss/regularization_loss': nan,
 'Loss/total_loss': nan,
 'learning_rate': 0.048399996}
INFO:tensorflow:Step 700 per-step time 2.373s
I1128 18:05:26.068785 140000782229760 model_lib_v2.py:698] Step 700 per-step time 2.373s
INFO:tensorflow:{'Loss/classification_loss': nan,
 'Loss/localization_loss': nan,
 'Loss/regularization_loss': nan,
 'Loss/total_loss': nan,
 'learning_rate': 0.056299996}
I1128 18:05:26.069522 140000782229760 model_lib_v2.py:701] {'Loss/classification_loss': nan,
 'Loss/localization_loss': nan,
 'Loss/regularization_loss': nan,
 'Loss/total_loss': nan,
 'learning_rate': 0.056299996}
INFO:tensorflow:Step 800 per-step time 2.366s
I1128 18:09:22.620801 140000782229760 model_lib_v2.py:698] Step 800 per-step time 2.366s
INFO:tensorflow:{'Loss/classification_loss': nan,
 'Loss/localization_loss': nan,
 'Loss/regularization_loss': nan,
 'Loss/total_loss': nan,
 'learning_rate': 0.0642}
I1128 18:09:22.621243 140000782229760 model_lib_v2.py:701] {'Loss/classification_loss': nan,
 'Loss/localization_loss': nan,
 'Loss/regularization_loss': nan,
 'Loss/total_loss': nan,
 'learning_rate': 0.0642}
INFO:tensorflow:Step 900 per-step time 2.380s
I1128 18:13:20.643645 140000782229760 model_lib_v2.py:698] Step 900 per-step time 2.380s
INFO:tensorflow:{'Loss/classification_loss': nan,
 'Loss/localization_loss': nan,
 'Loss/regularization_loss': nan,
 'Loss/total_loss': nan,
 'learning_rate': 0.0721}
I1128 18:13:20.644094 140000782229760 model_lib_v2.py:701] {'Loss/classification_loss': nan,
 'Loss/localization_loss': nan,
 'Loss/regularization_loss': nan,
 'Loss/total_loss': nan,
 'learning_rate': 0.0721}
INFO:tensorflow:Step 1000 per-step time 2.358s
I1128 18:17:16.400144 140000782229760 model_lib_v2.py:698] Step 1000 per-step time 2.358s
INFO:tensorflow:{'Loss/classification_loss': nan,
 'Loss/localization_loss': nan,
 'Loss/regularization_loss': nan,
 'Loss/total_loss': nan,
 'learning_rate': 0.08}
I1128 18:17:16.400585 140000782229760 model_lib_v2.py:701] {'Loss/classification_loss': nan,
 'Loss/localization_loss': nan,
 'Loss/regularization_loss': nan,
 'Loss/total_loss': nan,
 'learning_rate': 0.08}
INFO:tensorflow:Step 1100 per-step time 2.343s
I1128 18:21:10.686783 140000782229760 model_lib_v2.py:698] Step 1100 per-step time 2.343s
INFO:tensorflow:{'Loss/classification_loss': nan,
 'Loss/localization_loss': nan,
 'Loss/regularization_loss': nan,
 'Loss/total_loss': nan,
 'learning_rate': 0.079975635}
I1128 18:21:10.687477 140000782229760 model_lib_v2.py:701] {'Loss/classification_loss': nan,
 'Loss/localization_loss': nan,
 'Loss/regularization_loss': nan,
 'Loss/total_loss': nan,
 'learning_rate': 0.079975635}
INFO:tensorflow:Step 1200 per-step time 2.345s
I1128 18:25:05.148471 140000782229760 model_lib_v2.py:698] Step 1200 per-step time 2.345s
INFO:tensorflow:{'Loss/classification_loss': nan,
 'Loss/localization_loss': nan,
 'Loss/regularization_loss': nan,
 'Loss/total_loss': nan,
 'learning_rate': 0.07990256}
I1128 18:25:05.148903 140000782229760 model_lib_v2.py:701] {'Loss/classification_loss': nan,
 'Loss/localization_loss': nan,
 'Loss/regularization_loss': nan,
 'Loss/total_loss': nan,
 'learning_rate': 0.07990256}
INFO:tensorflow:Step 1300 per-step time 2.341s
I1128 18:28:59.281012 140000782229760 model_lib_v2.py:698] Step 1300 per-step time 2.341s
INFO:tensorflow:{'Loss/classification_loss': nan,
 'Loss/localization_loss': nan,
 'Loss/regularization_loss': nan,
 'Loss/total_loss': nan,
 'learning_rate': 0.07978087}
I1128 18:28:59.281466 140000782229760 model_lib_v2.py:701] {'Loss/classification_loss': nan,
 'Loss/localization_loss': nan,
 'Loss/regularization_loss': nan,
 'Loss/total_loss': nan,
 'learning_rate': 0.07978087}
INFO:tensorflow:Step 1400 per-step time 2.344s
I1128 18:32:53.687734 140000782229760 model_lib_v2.py:698] Step 1400 per-step time 2.344s
INFO:tensorflow:{'Loss/classification_loss': nan,
 'Loss/localization_loss': nan,
 'Loss/regularization_loss': nan,
 'Loss/total_loss': nan,
 'learning_rate': 0.07961072}
I1128 18:32:53.688169 140000782229760 model_lib_v2.py:701] {'Loss/classification_loss': nan,
 'Loss/localization_loss': nan,
 'Loss/regularization_loss': nan,
 'Loss/total_loss': nan,
 'learning_rate': 0.07961072}
