WARNING:tensorflow:There are non-GPU devices in `tf.distribute.Strategy`, not using nccl allreduce.
W1128 13:16:11.910291 140213580509440 cross_device_ops.py:1387] There are non-GPU devices in `tf.distribute.Strategy`, not using nccl allreduce.
INFO:tensorflow:Using MirroredStrategy with devices ('/job:localhost/replica:0/task:0/device:CPU:0',)
I1128 13:16:11.942070 140213580509440 mirrored_strategy.py:369] Using MirroredStrategy with devices ('/job:localhost/replica:0/task:0/device:CPU:0',)
INFO:tensorflow:Maybe overwriting train_steps: None
I1128 13:16:11.949197 140213580509440 config_util.py:552] Maybe overwriting train_steps: None
INFO:tensorflow:Maybe overwriting use_bfloat16: False
I1128 13:16:11.949331 140213580509440 config_util.py:552] Maybe overwriting use_bfloat16: False
I1128 13:16:11.987661 140213580509440 ssd_efficientnet_bifpn_feature_extractor.py:142] EfficientDet EfficientNet backbone version: efficientnet-b1
I1128 13:16:11.987780 140213580509440 ssd_efficientnet_bifpn_feature_extractor.py:144] EfficientDet BiFPN num filters: 88
I1128 13:16:11.987876 140213580509440 ssd_efficientnet_bifpn_feature_extractor.py:145] EfficientDet BiFPN num iterations: 4
I1128 13:16:11.992989 140213580509440 efficientnet_model.py:147] round_filter input=32 output=32
I1128 13:16:12.119907 140213580509440 efficientnet_model.py:147] round_filter input=32 output=32
I1128 13:16:12.120030 140213580509440 efficientnet_model.py:147] round_filter input=16 output=16
I1128 13:16:12.354000 140213580509440 efficientnet_model.py:147] round_filter input=16 output=16
I1128 13:16:12.354141 140213580509440 efficientnet_model.py:147] round_filter input=24 output=24
I1128 13:16:12.803921 140213580509440 efficientnet_model.py:147] round_filter input=24 output=24
I1128 13:16:12.804067 140213580509440 efficientnet_model.py:147] round_filter input=40 output=40
I1128 13:16:13.255870 140213580509440 efficientnet_model.py:147] round_filter input=40 output=40
I1128 13:16:13.256007 140213580509440 efficientnet_model.py:147] round_filter input=80 output=80
I1128 13:16:13.858612 140213580509440 efficientnet_model.py:147] round_filter input=80 output=80
I1128 13:16:13.858758 140213580509440 efficientnet_model.py:147] round_filter input=112 output=112
I1128 13:16:14.463915 140213580509440 efficientnet_model.py:147] round_filter input=112 output=112
I1128 13:16:14.464107 140213580509440 efficientnet_model.py:147] round_filter input=192 output=192
I1128 13:16:15.626843 140213580509440 efficientnet_model.py:147] round_filter input=192 output=192
I1128 13:16:15.627164 140213580509440 efficientnet_model.py:147] round_filter input=320 output=320
I1128 13:16:15.945375 140213580509440 efficientnet_model.py:147] round_filter input=1280 output=1280
I1128 13:16:16.010699 140213580509440 efficientnet_model.py:458] Building model efficientnet with params ModelConfig(width_coefficient=1.0, depth_coefficient=1.1, resolution=240, dropout_rate=0.2, blocks=(BlockConfig(input_filters=32, output_filters=16, kernel_size=3, num_repeat=1, expand_ratio=1, strides=(1, 1), se_ratio=0.25, id_skip=True, fused_conv=False, conv_type='depthwise'), BlockConfig(input_filters=16, output_filters=24, kernel_size=3, num_repeat=2, expand_ratio=6, strides=(2, 2), se_ratio=0.25, id_skip=True, fused_conv=False, conv_type='depthwise'), BlockConfig(input_filters=24, output_filters=40, kernel_size=5, num_repeat=2, expand_ratio=6, strides=(2, 2), se_ratio=0.25, id_skip=True, fused_conv=False, conv_type='depthwise'), BlockConfig(input_filters=40, output_filters=80, kernel_size=3, num_repeat=3, expand_ratio=6, strides=(2, 2), se_ratio=0.25, id_skip=True, fused_conv=False, conv_type='depthwise'), BlockConfig(input_filters=80, output_filters=112, kernel_size=5, num_repeat=3, expand_ratio=6, strides=(1, 1), se_ratio=0.25, id_skip=True, fused_conv=False, conv_type='depthwise'), BlockConfig(input_filters=112, output_filters=192, kernel_size=5, num_repeat=4, expand_ratio=6, strides=(2, 2), se_ratio=0.25, id_skip=True, fused_conv=False, conv_type='depthwise'), BlockConfig(input_filters=192, output_filters=320, kernel_size=3, num_repeat=1, expand_ratio=6, strides=(1, 1), se_ratio=0.25, id_skip=True, fused_conv=False, conv_type='depthwise')), stem_base_filters=32, top_base_filters=1280, activation='simple_swish', batch_norm='default', bn_momentum=0.99, bn_epsilon=0.001, weight_decay=5e-06, drop_connect_rate=0.2, depth_divisor=8, min_depth=None, use_se=True, input_channels=3, num_classes=1000, model_name='efficientnet', rescale_input=False, data_format='channels_last', dtype='float32')
WARNING:tensorflow:From /home/thor/.local/lib/python3.9/site-packages/object_detection/model_lib_v2.py:557: StrategyBase.experimental_distribute_datasets_from_function (from tensorflow.python.distribute.distribute_lib) is deprecated and will be removed in a future version.
Instructions for updating:
rename to distribute_datasets_from_function
W1128 13:16:16.095355 140213580509440 deprecation.py:339] From /home/thor/.local/lib/python3.9/site-packages/object_detection/model_lib_v2.py:557: StrategyBase.experimental_distribute_datasets_from_function (from tensorflow.python.distribute.distribute_lib) is deprecated and will be removed in a future version.
Instructions for updating:
rename to distribute_datasets_from_function
INFO:tensorflow:Reading unweighted datasets: ['annotations/multi_angle_3/train.record']
I1128 13:16:16.105021 140213580509440 dataset_builder.py:163] Reading unweighted datasets: ['annotations/multi_angle_3/train.record']
INFO:tensorflow:Reading record datasets for input file: ['annotations/multi_angle_3/train.record']
I1128 13:16:16.105260 140213580509440 dataset_builder.py:80] Reading record datasets for input file: ['annotations/multi_angle_3/train.record']
INFO:tensorflow:Number of filenames to read: 1
I1128 13:16:16.105415 140213580509440 dataset_builder.py:81] Number of filenames to read: 1
WARNING:tensorflow:num_readers has been reduced to 1 to match input file shards.
W1128 13:16:16.105567 140213580509440 dataset_builder.py:87] num_readers has been reduced to 1 to match input file shards.
WARNING:tensorflow:From /home/thor/.local/lib/python3.9/site-packages/object_detection/builders/dataset_builder.py:101: parallel_interleave (from tensorflow.python.data.experimental.ops.interleave_ops) is deprecated and will be removed in a future version.
Instructions for updating:
Use `tf.data.Dataset.interleave(map_func, cycle_length, block_length, num_parallel_calls=tf.data.AUTOTUNE)` instead. If sloppy execution is desired, use `tf.data.Options.experimental_deterministic`.
W1128 13:16:16.108453 140213580509440 deprecation.py:339] From /home/thor/.local/lib/python3.9/site-packages/object_detection/builders/dataset_builder.py:101: parallel_interleave (from tensorflow.python.data.experimental.ops.interleave_ops) is deprecated and will be removed in a future version.
Instructions for updating:
Use `tf.data.Dataset.interleave(map_func, cycle_length, block_length, num_parallel_calls=tf.data.AUTOTUNE)` instead. If sloppy execution is desired, use `tf.data.Options.experimental_deterministic`.
WARNING:tensorflow:From /home/thor/.local/lib/python3.9/site-packages/object_detection/builders/dataset_builder.py:236: DatasetV1.map_with_legacy_function (from tensorflow.python.data.ops.dataset_ops) is deprecated and will be removed in a future version.
Instructions for updating:
Use `tf.data.Dataset.map()
W1128 13:16:16.142006 140213580509440 deprecation.py:339] From /home/thor/.local/lib/python3.9/site-packages/object_detection/builders/dataset_builder.py:236: DatasetV1.map_with_legacy_function (from tensorflow.python.data.ops.dataset_ops) is deprecated and will be removed in a future version.
Instructions for updating:
Use `tf.data.Dataset.map()
WARNING:tensorflow:From /home/thor/.local/lib/python3.9/site-packages/tensorflow/python/util/dispatch.py:206: sparse_to_dense (from tensorflow.python.ops.sparse_ops) is deprecated and will be removed in a future version.
Instructions for updating:
Create a `tf.sparse.SparseTensor` and use `tf.sparse.to_dense` instead.
W1128 13:16:28.479894 140213580509440 deprecation.py:339] From /home/thor/.local/lib/python3.9/site-packages/tensorflow/python/util/dispatch.py:206: sparse_to_dense (from tensorflow.python.ops.sparse_ops) is deprecated and will be removed in a future version.
Instructions for updating:
Create a `tf.sparse.SparseTensor` and use `tf.sparse.to_dense` instead.
WARNING:tensorflow:From /home/thor/.local/lib/python3.9/site-packages/tensorflow/python/autograph/impl/api.py:464: to_float (from tensorflow.python.ops.math_ops) is deprecated and will be removed in a future version.
Instructions for updating:
Use `tf.cast` instead.
W1128 13:16:35.409616 140213580509440 deprecation.py:339] From /home/thor/.local/lib/python3.9/site-packages/tensorflow/python/autograph/impl/api.py:464: to_float (from tensorflow.python.ops.math_ops) is deprecated and will be removed in a future version.
Instructions for updating:
Use `tf.cast` instead.
2021-11-28 13:16:39.348028: I tensorflow/compiler/mlir/mlir_graph_optimization_pass.cc:185] None of the MLIR Optimization Passes are enabled (registered 2)
2021-11-28 13:16:39.832416: W tensorflow/core/framework/dataset.cc:679] Input of GeneratorDatasetOp::Dataset will not be optimized because the dataset does not implement the AsGraphDefInternal() method needed to apply optimizations.
/home/thor/.local/lib/python3.9/site-packages/keras/backend.py:401: UserWarning: `tf.keras.backend.set_learning_phase` is deprecated and will be removed after 2020-10-11. To update it, simply pass a True/False value to the `training` argument of the `__call__` method of your layer or model.
  warnings.warn('`tf.keras.backend.set_learning_phase` is deprecated and '
2021-11-28 13:17:26.297658: W tensorflow/core/framework/dataset.cc:679] Input of GeneratorDatasetOp::Dataset will not be optimized because the dataset does not implement the AsGraphDefInternal() method needed to apply optimizations.
WARNING:tensorflow:From /home/thor/.local/lib/python3.9/site-packages/tensorflow/python/util/deprecation.py:617: calling map_fn_v2 (from tensorflow.python.ops.map_fn) with dtype is deprecated and will be removed in a future version.
Instructions for updating:
Use fn_output_signature instead
W1128 13:17:27.696878 140176500180736 deprecation.py:542] From /home/thor/.local/lib/python3.9/site-packages/tensorflow/python/util/deprecation.py:617: calling map_fn_v2 (from tensorflow.python.ops.map_fn) with dtype is deprecated and will be removed in a future version.
Instructions for updating:
Use fn_output_signature instead
WARNING:tensorflow:Gradients do not exist for variables ['stack_6/block_1/expand_bn/gamma:0', 'stack_6/block_1/expand_bn/beta:0', 'stack_6/block_1/depthwise_conv2d/depthwise_kernel:0', 'stack_6/block_1/depthwise_bn/gamma:0', 'stack_6/block_1/depthwise_bn/beta:0', 'stack_6/block_1/project_bn/gamma:0', 'stack_6/block_1/project_bn/beta:0', 'top_bn/gamma:0', 'top_bn/beta:0'] when minimizing the loss.
W1128 13:17:40.611869 140176500180736 utils.py:75] Gradients do not exist for variables ['stack_6/block_1/expand_bn/gamma:0', 'stack_6/block_1/expand_bn/beta:0', 'stack_6/block_1/depthwise_conv2d/depthwise_kernel:0', 'stack_6/block_1/depthwise_bn/gamma:0', 'stack_6/block_1/depthwise_bn/beta:0', 'stack_6/block_1/project_bn/gamma:0', 'stack_6/block_1/project_bn/beta:0', 'top_bn/gamma:0', 'top_bn/beta:0'] when minimizing the loss.
WARNING:tensorflow:Gradients do not exist for variables ['stack_6/block_1/expand_bn/gamma:0', 'stack_6/block_1/expand_bn/beta:0', 'stack_6/block_1/depthwise_conv2d/depthwise_kernel:0', 'stack_6/block_1/depthwise_bn/gamma:0', 'stack_6/block_1/depthwise_bn/beta:0', 'stack_6/block_1/project_bn/gamma:0', 'stack_6/block_1/project_bn/beta:0', 'top_bn/gamma:0', 'top_bn/beta:0'] when minimizing the loss.
W1128 13:17:59.431391 140176500180736 utils.py:75] Gradients do not exist for variables ['stack_6/block_1/expand_bn/gamma:0', 'stack_6/block_1/expand_bn/beta:0', 'stack_6/block_1/depthwise_conv2d/depthwise_kernel:0', 'stack_6/block_1/depthwise_bn/gamma:0', 'stack_6/block_1/depthwise_bn/beta:0', 'stack_6/block_1/project_bn/gamma:0', 'stack_6/block_1/project_bn/beta:0', 'top_bn/gamma:0', 'top_bn/beta:0'] when minimizing the loss.
WARNING:tensorflow:Gradients do not exist for variables ['stack_6/block_1/expand_bn/gamma:0', 'stack_6/block_1/expand_bn/beta:0', 'stack_6/block_1/depthwise_conv2d/depthwise_kernel:0', 'stack_6/block_1/depthwise_bn/gamma:0', 'stack_6/block_1/depthwise_bn/beta:0', 'stack_6/block_1/project_bn/gamma:0', 'stack_6/block_1/project_bn/beta:0', 'top_bn/gamma:0', 'top_bn/beta:0'] when minimizing the loss.
W1128 13:18:16.818345 140176500180736 utils.py:75] Gradients do not exist for variables ['stack_6/block_1/expand_bn/gamma:0', 'stack_6/block_1/expand_bn/beta:0', 'stack_6/block_1/depthwise_conv2d/depthwise_kernel:0', 'stack_6/block_1/depthwise_bn/gamma:0', 'stack_6/block_1/depthwise_bn/beta:0', 'stack_6/block_1/project_bn/gamma:0', 'stack_6/block_1/project_bn/beta:0', 'top_bn/gamma:0', 'top_bn/beta:0'] when minimizing the loss.
WARNING:tensorflow:Gradients do not exist for variables ['stack_6/block_1/expand_bn/gamma:0', 'stack_6/block_1/expand_bn/beta:0', 'stack_6/block_1/depthwise_conv2d/depthwise_kernel:0', 'stack_6/block_1/depthwise_bn/gamma:0', 'stack_6/block_1/depthwise_bn/beta:0', 'stack_6/block_1/project_bn/gamma:0', 'stack_6/block_1/project_bn/beta:0', 'top_bn/gamma:0', 'top_bn/beta:0'] when minimizing the loss.
W1128 13:18:35.322187 140176500180736 utils.py:75] Gradients do not exist for variables ['stack_6/block_1/expand_bn/gamma:0', 'stack_6/block_1/expand_bn/beta:0', 'stack_6/block_1/depthwise_conv2d/depthwise_kernel:0', 'stack_6/block_1/depthwise_bn/gamma:0', 'stack_6/block_1/depthwise_bn/beta:0', 'stack_6/block_1/project_bn/gamma:0', 'stack_6/block_1/project_bn/beta:0', 'top_bn/gamma:0', 'top_bn/beta:0'] when minimizing the loss.
INFO:tensorflow:Step 100 per-step time 5.379s
I1128 13:26:25.008708 140213580509440 model_lib_v2.py:698] Step 100 per-step time 5.379s
INFO:tensorflow:{'Loss/classification_loss': 0.7288781,
 'Loss/localization_loss': 0.017948179,
 'Loss/regularization_loss': 0.029557936,
 'Loss/total_loss': 0.7763842,
 'learning_rate': 0.014166666}
I1128 13:26:25.009862 140213580509440 model_lib_v2.py:701] {'Loss/classification_loss': 0.7288781,
 'Loss/localization_loss': 0.017948179,
 'Loss/regularization_loss': 0.029557936,
 'Loss/total_loss': 0.7763842,
 'learning_rate': 0.014166666}
INFO:tensorflow:Step 200 per-step time 4.136s
I1128 13:33:18.597347 140213580509440 model_lib_v2.py:698] Step 200 per-step time 4.136s
INFO:tensorflow:{'Loss/classification_loss': 0.4645362,
 'Loss/localization_loss': 0.015583604,
 'Loss/regularization_loss': 0.029729,
 'Loss/total_loss': 0.5098488,
 'learning_rate': 0.027333332}
I1128 13:33:18.598098 140213580509440 model_lib_v2.py:701] {'Loss/classification_loss': 0.4645362,
 'Loss/localization_loss': 0.015583604,
 'Loss/regularization_loss': 0.029729,
 'Loss/total_loss': 0.5098488,
 'learning_rate': 0.027333332}
INFO:tensorflow:Step 300 per-step time 4.072s
I1128 13:40:05.746564 140213580509440 model_lib_v2.py:698] Step 300 per-step time 4.072s
INFO:tensorflow:{'Loss/classification_loss': 0.48920974,
 'Loss/localization_loss': 0.014867054,
 'Loss/regularization_loss': 0.030198205,
 'Loss/total_loss': 0.534275,
 'learning_rate': 0.040499996}
I1128 13:40:05.747014 140213580509440 model_lib_v2.py:701] {'Loss/classification_loss': 0.48920974,
 'Loss/localization_loss': 0.014867054,
 'Loss/regularization_loss': 0.030198205,
 'Loss/total_loss': 0.534275,
 'learning_rate': 0.040499996}
INFO:tensorflow:Step 400 per-step time 4.024s
I1128 13:46:48.150609 140213580509440 model_lib_v2.py:698] Step 400 per-step time 4.024s
INFO:tensorflow:{'Loss/classification_loss': 0.42748293,
 'Loss/localization_loss': 0.01563155,
 'Loss/regularization_loss': 0.03076866,
 'Loss/total_loss': 0.47388315,
 'learning_rate': 0.053666662}
I1128 13:46:48.151324 140213580509440 model_lib_v2.py:701] {'Loss/classification_loss': 0.42748293,
 'Loss/localization_loss': 0.01563155,
 'Loss/regularization_loss': 0.03076866,
 'Loss/total_loss': 0.47388315,
 'learning_rate': 0.053666662}
INFO:tensorflow:Step 500 per-step time 4.005s
I1128 13:53:28.610636 140213580509440 model_lib_v2.py:698] Step 500 per-step time 4.005s
INFO:tensorflow:{'Loss/classification_loss': 0.5528593,
 'Loss/localization_loss': 0.012510425,
 'Loss/regularization_loss': 0.032474477,
 'Loss/total_loss': 0.5978442,
 'learning_rate': 0.06683333}
I1128 13:53:28.611092 140213580509440 model_lib_v2.py:701] {'Loss/classification_loss': 0.5528593,
 'Loss/localization_loss': 0.012510425,
 'Loss/regularization_loss': 0.032474477,
 'Loss/total_loss': 0.5978442,
 'learning_rate': 0.06683333}
INFO:tensorflow:Step 600 per-step time 4.006s
I1128 14:00:09.172637 140213580509440 model_lib_v2.py:698] Step 600 per-step time 4.006s
INFO:tensorflow:{'Loss/classification_loss': 0.5323628,
 'Loss/localization_loss': 0.01567482,
 'Loss/regularization_loss': 0.033005305,
 'Loss/total_loss': 0.58104295,
 'learning_rate': 0.08}
I1128 14:00:09.173094 140213580509440 model_lib_v2.py:701] {'Loss/classification_loss': 0.5323628,
 'Loss/localization_loss': 0.01567482,
 'Loss/regularization_loss': 0.033005305,
 'Loss/total_loss': 0.58104295,
 'learning_rate': 0.08}
INFO:tensorflow:Step 700 per-step time 4.014s
I1128 14:06:50.556065 140213580509440 model_lib_v2.py:698] Step 700 per-step time 4.014s
INFO:tensorflow:{'Loss/classification_loss': 0.4491601,
 'Loss/localization_loss': 0.010840281,
 'Loss/regularization_loss': 0.033537008,
 'Loss/total_loss': 0.49353737,
 'learning_rate': 0.079999976}
I1128 14:06:50.556515 140213580509440 model_lib_v2.py:701] {'Loss/classification_loss': 0.4491601,
 'Loss/localization_loss': 0.010840281,
 'Loss/regularization_loss': 0.033537008,
 'Loss/total_loss': 0.49353737,
 'learning_rate': 0.079999976}
INFO:tensorflow:Step 800 per-step time 4.182s
I1128 14:13:54.898084 140213580509440 model_lib_v2.py:698] Step 800 per-step time 4.182s
INFO:tensorflow:{'Loss/classification_loss': 0.5578063,
 'Loss/localization_loss': 0.017636081,
 'Loss/regularization_loss': 0.03417536,
 'Loss/total_loss': 0.6096177,
 'learning_rate': 0.07999991}
I1128 14:13:55.702403 140213580509440 model_lib_v2.py:701] {'Loss/classification_loss': 0.5578063,
 'Loss/localization_loss': 0.017636081,
 'Loss/regularization_loss': 0.03417536,
 'Loss/total_loss': 0.6096177,
 'learning_rate': 0.07999991}
